2019-08-19 11:50:09 DEBUG UserDao:68 - =================================
2019-08-19 11:50:09 DEBUG UserDao:69 - =main=
2019-08-19 11:50:09 DEBUG UserDao:70 - =================================
2019-08-19 11:51:04 DEBUG UserDao:68 - =================================
2019-08-19 11:51:04 DEBUG UserDao:69 - =main=
2019-08-19 11:51:04 DEBUG UserDao:70 - =================================
2019-08-19 11:51:04 DEBUG UserDao:46 - =================================
2019-08-19 11:51:04 DEBUG UserDao:47 - Connection=oracle.jdbc.driver.T4CConnection@1f89ab83
2019-08-19 11:51:04 DEBUG UserDao:48 - =================================
2019-08-19 14:23:29 DEBUG UserDao:118 - =================================
2019-08-19 14:23:29 DEBUG UserDao:119 - =main=
2019-08-19 14:23:29 DEBUG UserDao:120 - =================================
2019-08-19 14:23:29 DEBUG UserDao:50 - =================================
2019-08-19 14:23:29 DEBUG UserDao:51 - 01. c=
oracle.jdbc.driver.T4CConnection@1f89ab83
2019-08-19 14:23:29 DEBUG UserDao:52 - =================================
2019-08-19 14:23:29 DEBUG UserDao:68 - =================================
2019-08-19 14:23:29 DEBUG UserDao:69 - 02. sql=
 INSERT INTO users ( 
     u_id,           
     name,           
     passwd          
 ) VALUES (          
     ?,              
     ?,              
     ?               
 )                   

2019-08-19 14:23:29 DEBUG UserDao:70 - =================================
2019-08-19 14:23:29 DEBUG UserDao:79 - =================================
2019-08-19 14:23:29 DEBUG UserDao:80 - 03. paam=
User [u_id=j01_134, name=송영은, passwd=1234]
2019-08-19 14:23:29 DEBUG UserDao:81 - =================================
2019-08-19 14:23:29 DEBUG UserDao:87 - =================================
2019-08-19 14:23:29 DEBUG UserDao:88 - 04. Run flag=
1
2019-08-19 14:23:29 DEBUG UserDao:89 - =================================
2019-08-19 14:48:01 DEBUG UserDao:177 - ==============================
2019-08-19 14:48:01 DEBUG UserDao:178 - =00 main=
2019-08-19 14:48:01 DEBUG UserDao:179 - ==============================
2019-08-19 14:48:01 DEBUG UserDao:184 - =================================
2019-08-19 14:48:01 DEBUG UserDao:185 - =01 단건등록=
2019-08-19 14:48:01 DEBUG UserDao:186 - =================================
2019-08-19 14:48:08 DEBUG UserDao:51 - =================================
2019-08-19 14:48:08 DEBUG UserDao:52 - 01. c=oracle.jdbc.driver.T4CConnection@1f89ab83
2019-08-19 14:48:08 DEBUG UserDao:53 - =================================
2019-08-19 14:48:08 DEBUG UserDao:69 - =================================
2019-08-19 14:48:08 DEBUG UserDao:70 - 02. sql= INSERT INTO users ( 
     u_id,           
     name,           
     passwd          
 ) VALUES (          
     ?,              
     ?,              
     ?               
 )                   

2019-08-19 14:48:08 DEBUG UserDao:71 - =================================
2019-08-19 14:48:08 DEBUG UserDao:80 - =================================
2019-08-19 14:48:08 DEBUG UserDao:81 - 03. paam=User [u_id=j01_134, name=송영은, passwd=1234]
2019-08-19 14:48:08 DEBUG UserDao:82 - =================================
2019-08-19 14:48:08 DEBUG UserDao:88 - =================================
2019-08-19 14:48:08 DEBUG UserDao:89 - 04. Run flag=1
2019-08-19 14:48:08 DEBUG UserDao:90 - =================================
2019-08-19 14:48:09 DEBUG UserDao:189 - =================================
2019-08-19 14:48:09 DEBUG UserDao:190 - =01.01 add flag=1
2019-08-19 14:48:09 DEBUG UserDao:191 - =================================
2019-08-19 14:48:09 DEBUG UserDao:194 - =================================
2019-08-19 14:48:09 DEBUG UserDao:195 - =01.02 단건등록 성공=j01_134
2019-08-19 14:48:09 DEBUG UserDao:196 - =================================
2019-08-19 14:48:09 DEBUG UserDao:199 - =================================
2019-08-19 14:48:09 DEBUG UserDao:200 - =02 단건조회=
2019-08-19 14:48:09 DEBUG UserDao:201 - =================================
2019-08-19 14:48:15 DEBUG UserDao:124 - =================================
2019-08-19 14:48:15 DEBUG UserDao:125 - 01. c=oracle.jdbc.driver.T4CConnection@5025a98f
2019-08-19 14:48:15 DEBUG UserDao:126 - =================================
2019-08-19 14:48:15 DEBUG UserDao:140 - =================================
2019-08-19 14:48:15 DEBUG UserDao:141 - 02. sql= SELECT      
     u_id,   
     name,   
     passwd  
 FROM        
     users   
 WHERE u_id = ?  

2019-08-19 14:48:15 DEBUG UserDao:142 - =================================
2019-08-19 14:48:15 DEBUG UserDao:149 - =============================
2019-08-19 14:48:15 DEBUG UserDao:150 - 03. id=j01_134
2019-08-19 14:48:15 DEBUG UserDao:151 - =============================
2019-08-19 14:48:16 DEBUG UserDao:162 - =============================
2019-08-19 14:48:16 DEBUG UserDao:163 - 04. Run outVO=User [u_id=j01_134, name=송영은, passwd=1234]
2019-08-19 14:48:16 DEBUG UserDao:164 - =============================
2019-08-19 14:48:16 DEBUG UserDao:208 - ========================================
2019-08-19 14:48:16 DEBUG UserDao:209 - =02.01 단건조회 성공=j01_134
2019-08-19 14:48:16 DEBUG UserDao:210 - ========================================
