2019-08-19 11:50:09,970 DEBUG [main] ehr.UserDao       ( UserDao.java:68)     - =================================
2019-08-19 11:50:09,971 DEBUG [main] ehr.UserDao       ( UserDao.java:69)     - =main=
2019-08-19 11:50:09,972 DEBUG [main] ehr.UserDao       ( UserDao.java:70)     - =================================
2019-08-19 11:51:04,202 DEBUG [main] ehr.UserDao       ( UserDao.java:68)     - =================================
2019-08-19 11:51:04,204 DEBUG [main] ehr.UserDao       ( UserDao.java:69)     - =main=
2019-08-19 11:51:04,204 DEBUG [main] ehr.UserDao       ( UserDao.java:70)     - =================================
2019-08-19 11:51:04,471 DEBUG [main] ehr.UserDao       ( UserDao.java:46)     - =================================
2019-08-19 11:51:04,473 DEBUG [main] ehr.UserDao       ( UserDao.java:47)     - Connection=oracle.jdbc.driver.T4CConnection@1f89ab83
2019-08-19 11:51:04,473 DEBUG [main] ehr.UserDao       ( UserDao.java:48)     - =================================
2019-08-19 14:23:29,538 DEBUG [main] ehr.UserDao       ( UserDao.java:118)     - =================================
2019-08-19 14:23:29,540 DEBUG [main] ehr.UserDao       ( UserDao.java:119)     - =main=
2019-08-19 14:23:29,540 DEBUG [main] ehr.UserDao       ( UserDao.java:120)     - =================================
2019-08-19 14:23:29,779 DEBUG [main] ehr.UserDao       ( UserDao.java:50)     - =================================
2019-08-19 14:23:29,779 DEBUG [main] ehr.UserDao       ( UserDao.java:51)     - 01. c=
oracle.jdbc.driver.T4CConnection@1f89ab83
2019-08-19 14:23:29,779 DEBUG [main] ehr.UserDao       ( UserDao.java:52)     - =================================
2019-08-19 14:23:29,779 DEBUG [main] ehr.UserDao       ( UserDao.java:68)     - =================================
2019-08-19 14:23:29,781 DEBUG [main] ehr.UserDao       ( UserDao.java:69)     - 02. sql=
 INSERT INTO users ( 
     u_id,           
     name,           
     passwd          
 ) VALUES (          
     ?,              
     ?,              
     ?               
 )                   

2019-08-19 14:23:29,781 DEBUG [main] ehr.UserDao       ( UserDao.java:70)     - =================================
2019-08-19 14:23:29,831 DEBUG [main] ehr.UserDao       ( UserDao.java:79)     - =================================
2019-08-19 14:23:29,831 DEBUG [main] ehr.UserDao       ( UserDao.java:80)     - 03. paam=
User [u_id=j01_134, name=송영은, passwd=1234]
2019-08-19 14:23:29,831 DEBUG [main] ehr.UserDao       ( UserDao.java:81)     - =================================
2019-08-19 14:23:29,846 DEBUG [main] ehr.UserDao       ( UserDao.java:87)     - =================================
2019-08-19 14:23:29,846 DEBUG [main] ehr.UserDao       ( UserDao.java:88)     - 04. Run flag=
1
2019-08-19 14:23:29,846 DEBUG [main] ehr.UserDao       ( UserDao.java:89)     - =================================
2019-08-19 14:48:01,933 DEBUG [main] ehr.UserDao       ( UserDao.java:177)     - ==============================
2019-08-19 14:48:01,934 DEBUG [main] ehr.UserDao       ( UserDao.java:178)     - =00 main=
2019-08-19 14:48:01,934 DEBUG [main] ehr.UserDao       ( UserDao.java:179)     - ==============================
2019-08-19 14:48:01,934 DEBUG [main] ehr.UserDao       ( UserDao.java:184)     - =================================
2019-08-19 14:48:01,934 DEBUG [main] ehr.UserDao       ( UserDao.java:185)     - =01 단건등록=
2019-08-19 14:48:01,935 DEBUG [main] ehr.UserDao       ( UserDao.java:186)     - =================================
2019-08-19 14:48:08,123 DEBUG [main] ehr.UserDao       ( UserDao.java:51)     - =================================
2019-08-19 14:48:08,124 DEBUG [main] ehr.UserDao       ( UserDao.java:52)     - 01. c=oracle.jdbc.driver.T4CConnection@1f89ab83
2019-08-19 14:48:08,128 DEBUG [main] ehr.UserDao       ( UserDao.java:53)     - =================================
2019-08-19 14:48:08,128 DEBUG [main] ehr.UserDao       ( UserDao.java:69)     - =================================
2019-08-19 14:48:08,128 DEBUG [main] ehr.UserDao       ( UserDao.java:70)     - 02. sql= INSERT INTO users ( 
     u_id,           
     name,           
     passwd          
 ) VALUES (          
     ?,              
     ?,              
     ?               
 )                   

2019-08-19 14:48:08,128 DEBUG [main] ehr.UserDao       ( UserDao.java:71)     - =================================
2019-08-19 14:48:08,181 DEBUG [main] ehr.UserDao       ( UserDao.java:80)     - =================================
2019-08-19 14:48:08,181 DEBUG [main] ehr.UserDao       ( UserDao.java:81)     - 03. paam=User [u_id=j01_134, name=송영은, passwd=1234]
2019-08-19 14:48:08,182 DEBUG [main] ehr.UserDao       ( UserDao.java:82)     - =================================
2019-08-19 14:48:08,830 DEBUG [main] ehr.UserDao       ( UserDao.java:88)     - =================================
2019-08-19 14:48:08,833 DEBUG [main] ehr.UserDao       ( UserDao.java:89)     - 04. Run flag=1
2019-08-19 14:48:08,834 DEBUG [main] ehr.UserDao       ( UserDao.java:90)     - =================================
2019-08-19 14:48:09,535 DEBUG [main] ehr.UserDao       ( UserDao.java:189)     - =================================
2019-08-19 14:48:09,536 DEBUG [main] ehr.UserDao       ( UserDao.java:190)     - =01.01 add flag=1
2019-08-19 14:48:09,536 DEBUG [main] ehr.UserDao       ( UserDao.java:191)     - =================================
2019-08-19 14:48:09,537 DEBUG [main] ehr.UserDao       ( UserDao.java:194)     - =================================
2019-08-19 14:48:09,537 DEBUG [main] ehr.UserDao       ( UserDao.java:195)     - =01.02 단건등록 성공=j01_134
2019-08-19 14:48:09,538 DEBUG [main] ehr.UserDao       ( UserDao.java:196)     - =================================
2019-08-19 14:48:09,538 DEBUG [main] ehr.UserDao       ( UserDao.java:199)     - =================================
2019-08-19 14:48:09,539 DEBUG [main] ehr.UserDao       ( UserDao.java:200)     - =02 단건조회=
2019-08-19 14:48:09,539 DEBUG [main] ehr.UserDao       ( UserDao.java:201)     - =================================
2019-08-19 14:48:15,370 DEBUG [main] ehr.UserDao       ( UserDao.java:124)     - =================================
2019-08-19 14:48:15,370 DEBUG [main] ehr.UserDao       ( UserDao.java:125)     - 01. c=oracle.jdbc.driver.T4CConnection@5025a98f
2019-08-19 14:48:15,370 DEBUG [main] ehr.UserDao       ( UserDao.java:126)     - =================================
2019-08-19 14:48:15,370 DEBUG [main] ehr.UserDao       ( UserDao.java:140)     - =================================
2019-08-19 14:48:15,371 DEBUG [main] ehr.UserDao       ( UserDao.java:141)     - 02. sql= SELECT      
     u_id,   
     name,   
     passwd  
 FROM        
     users   
 WHERE u_id = ?  

2019-08-19 14:48:15,371 DEBUG [main] ehr.UserDao       ( UserDao.java:142)     - =================================
2019-08-19 14:48:15,371 DEBUG [main] ehr.UserDao       ( UserDao.java:149)     - =============================
2019-08-19 14:48:15,371 DEBUG [main] ehr.UserDao       ( UserDao.java:150)     - 03. id=j01_134
2019-08-19 14:48:15,371 DEBUG [main] ehr.UserDao       ( UserDao.java:151)     - =============================
2019-08-19 14:48:16,088 DEBUG [main] ehr.UserDao       ( UserDao.java:162)     - =============================
2019-08-19 14:48:16,088 DEBUG [main] ehr.UserDao       ( UserDao.java:163)     - 04. Run outVO=User [u_id=j01_134, name=송영은, passwd=1234]
2019-08-19 14:48:16,088 DEBUG [main] ehr.UserDao       ( UserDao.java:164)     - =============================
2019-08-19 14:48:16,784 DEBUG [main] ehr.UserDao       ( UserDao.java:208)     - ========================================
2019-08-19 14:48:16,785 DEBUG [main] ehr.UserDao       ( UserDao.java:209)     - =02.01 단건조회 성공=j01_134
2019-08-19 14:48:16,785 DEBUG [main] ehr.UserDao       ( UserDao.java:210)     - ========================================
